<?xml version="1.0" encoding="UTF-8"?>
<!-- Generated by org.testng.reporters.JUnitReportReporter -->
<testsuite hostname="DESKTOP-RBAIV11" failures="0" tests="3" name="Intern.Orange.Login" time="28.580" errors="0" timestamp="2025-06-11T15:24:20 IST" skipped="0">
  <testcase classname="Intern.Orange.Login" name="loginWithInvalidCredentials" time="10.826"/>
  <testcase classname="Intern.Orange.Login" name="loginWithValidCredentials" time="8.242"/>
  <testcase classname="Intern.Orange.Login" name="logoutAfterSuccessfullyLogin" time="9.512"/>
</testsuite> <!-- Intern.Orange.Login -->
